<?xml version="1.0" encoding="UTF-8"?>
<!-- Generated by org.testng.reporters.JUnitXMLReporter -->
<testsuite ignored="0" hostname="DESKTOP-3D2T8OP" failures="0" tests="3" name="Default test" time="38.12" errors="0" timestamp="2022-09-12T22:00:10 IST">
  <testcase classname="datadrivenTesting.DataDrivenTest" name="loginTest" time="5.267"/>
  <testcase classname="datadrivenTesting.DataDrivenTest" name="loginTest" time="17.701"/>
  <testcase classname="datadrivenTesting.DataDrivenTest" name="loginTest" time="2.052"/>
</testsuite> <!-- Default test -->
