<?xml version="1.0" encoding="UTF-8"?>
<testng-results ignored="0" total="3" passed="3" failed="0" skipped="0">
  <reporter-output>
  </reporter-output>
  <suite started-at="2022-09-12T21:59:32 IST" name="Default suite" finished-at="2022-09-12T22:00:10 IST" duration-ms="38120">
    <groups>
    </groups>
    <test started-at="2022-09-12T21:59:32 IST" name="Default test" finished-at="2022-09-12T22:00:10 IST" duration-ms="38120">
      <class name="datadrivenTesting.DataDrivenTest">
        <test-method is-config="true" signature="setup()[pri:0, instance:datadrivenTesting.DataDrivenTest@58cbafc2]" started-at="2022-09-12T21:59:32 IST" name="setup" finished-at="2022-09-12T21:59:40 IST" duration-ms="7438" status="PASS">
          <reporter-output>
          </reporter-output>
        </test-method> <!-- setup -->
        <test-method signature="loginTest(java.lang.String,java.lang.String,java.lang.String)[pri:0, instance:datadrivenTesting.DataDrivenTest@58cbafc2]" started-at="2022-09-12T21:59:43 IST" name="loginTest" data-provider="LoginData" finished-at="2022-09-12T21:59:48 IST" duration-ms="5267" status="PASS">
          <params>
            <param index="0">
              <value>
                <![CDATA[admin@ourstre.com]]>
              </value>
            </param>
            <param index="1">
              <value>
                <![CDATA[adm]]>
              </value>
            </param>
            <param index="2">
              <value>
                <![CDATA[Invalid]]>
              </value>
            </param>
          </params>
          <reporter-output>
          </reporter-output>
        </test-method> <!-- loginTest -->
        <test-method signature="loginTest(java.lang.String,java.lang.String,java.lang.String)[pri:0, instance:datadrivenTesting.DataDrivenTest@58cbafc2]" started-at="2022-09-12T21:59:48 IST" name="loginTest" data-provider="LoginData" finished-at="2022-09-12T22:00:06 IST" duration-ms="17701" status="PASS">
          <params>
            <param index="0">
              <value>
                <![CDATA[adm@ourstore.com]]>
              </value>
            </param>
            <param index="1">
              <value>
                <![CDATA[admin]]>
              </value>
            </param>
            <param index="2">
              <value>
                <![CDATA[Invalid]]>
              </value>
            </param>
          </params>
          <reporter-output>
          </reporter-output>
        </test-method> <!-- loginTest -->
        <test-method signature="loginTest(java.lang.String,java.lang.String,java.lang.String)[pri:0, instance:datadrivenTesting.DataDrivenTest@58cbafc2]" started-at="2022-09-12T22:00:06 IST" name="loginTest" data-provider="LoginData" finished-at="2022-09-12T22:00:08 IST" duration-ms="2052" status="PASS">
          <params>
            <param index="0">
              <value>
                <![CDATA[adm@ourstore.com]]>
              </value>
            </param>
            <param index="1">
              <value>
                <![CDATA[adm]]>
              </value>
            </param>
            <param index="2">
              <value>
                <![CDATA[Invalid]]>
              </value>
            </param>
          </params>
          <reporter-output>
          </reporter-output>
        </test-method> <!-- loginTest -->
        <test-method is-config="true" signature="tearDown()[pri:0, instance:datadrivenTesting.DataDrivenTest@58cbafc2]" started-at="2022-09-12T22:00:08 IST" name="tearDown" finished-at="2022-09-12T22:00:10 IST" duration-ms="2492" status="PASS">
          <reporter-output>
          </reporter-output>
        </test-method> <!-- tearDown -->
      </class> <!-- datadrivenTesting.DataDrivenTest -->
    </test> <!-- Default test -->
  </suite> <!-- Default suite -->
</testng-results>
